#
# There is insufficient memory for the Java Runtime Environment to continue.
# Native memory allocation (mmap) failed to map 137363456 bytes for Failed to commit area from 0x000000008a800000 to 0x0000000092b00000 of length 137363456.
# Possible reasons:
#   The system is out of physical RAM or swap space
#   The process is running with CompressedOops enabled, and the Java Heap may be blocking the growth of the native heap
# Possible solutions:
#   Reduce memory load on the system
#   Increase physical memory or swap space
#   Check if swap backing store is full
#   Decrease Java heap size (-Xmx/-Xms)
#   Decrease number of Java threads
#   Decrease Java thread stack sizes (-Xss)
#   Set larger code cache with -XX:ReservedCodeCacheSize=
#   JVM is running with Unscaled Compressed Oops mode in which the Java heap is
#     placed in the first 4GB address space. The Java Heap base address is the
#     maximum limit for the native heap growth. Please use -XX:HeapBaseMinAddress
#     to set the Java Heap base and to place the Java Heap above 4GB virtual address.
# This output file may be truncated or incomplete.
#
#  Out of Memory Error (./src/hotspot/os/windows/os_windows.cpp:3380), pid=11180, tid=7716
#
# JRE version: OpenJDK Runtime Environment Microsoft-25199 (11.0.12+7) (build 11.0.12+7)
# Java VM: OpenJDK 64-Bit Server VM Microsoft-25199 (11.0.12+7, mixed mode, tiered, compressed oops, g1 gc, windows-amd64)
# No core dump will be written. Minidumps are not enabled by default on client versions of Windows
#

---------------  S U M M A R Y ------------

Command Line: -Dapplication.home=C:\Program Files\Microsoft\jdk-11.0.12.7-hotspot --add-modules=ALL-DEFAULT -Xms8m -Dfile.encoding=UTF8 -Djdk.module.main=jdk.compiler jdk.compiler/com.sun.tools.javac.Main @C:\Users\Artur\AppData\Local\Temp\tmp16F9.tmp -target 1.8 -source 1.8

Host: Intel(R) Core(TM) i5-3210M CPU @ 2.50GHz, 4 cores, 7G,  Windows 10 , 64 bit Build 19041 (10.0.19041.2364)
Time: Tue Jan 10 01:40:42 2023 RTZ 2 (зима) elapsed time: 7.567211 seconds (0d 0h 0m 7s)

---------------  T H R E A D  ---------------

Current thread (0x00000214fa496800):  VMThread "VM Thread" [stack: 0x0000002969500000,0x0000002969600000] [id=7716]

Stack: [0x0000002969500000,0x0000002969600000]
[error occurred during error reporting (printing stack bounds), id 0xc0000005, EXCEPTION_ACCESS_VIOLATION (0xc0000005) at pc=0x000002148000112d]

Native frames: (J=compiled Java code, j=interpreted, Vv=VM code, C=native code)
V  [jvm.dll+0x6090fa]
V  [jvm.dll+0x79229e]
V  [jvm.dll+0x79396f]
V  [jvm.dll+0x793f95]
V  [jvm.dll+0x793f4b]
V  [jvm.dll+0x608487]
V  [jvm.dll+0x608b98]
C  [ntdll.dll+0xa241f]
C  [ntdll.dll+0x514a4]
C  [ntdll.dll+0xa0f4e]
C  0x000002148000112d

VM_Operation (0x0000002968ffe6c0): G1CollectForAllocation, mode: safepoint, requested by thread 0x00000214e868c000


---------------  P R O C E S S  ---------------

Threads class SMR info:
_java_thread_list=0x00000214fadb6c60, length=11, elements={
0x00000214e868c000, 0x00000214fa4be800, 0x00000214fa4ca000, 0x00000214fa520000,
0x00000214fa521000, 0x00000214fa522800, 0x00000214fa524800, 0x00000214fa52a800,
0x00000214fa53b000, 0x00000214fa45b800, 0x00000214fadb5000
}

Java Threads: ( => current thread )
  0x00000214e868c000 JavaThread "main" [_thread_blocked, id=12968, stack(0x0000002968f00000,0x0000002969000000)]
  0x00000214fa4be800 JavaThread "Reference Handler" daemon [_thread_blocked, id=6848, stack(0x0000002969600000,0x0000002969700000)]
  0x00000214fa4ca000 JavaThread "Finalizer" daemon [_thread_blocked, id=5596, stack(0x0000002969700000,0x0000002969800000)]
  0x00000214fa520000 JavaThread "Signal Dispatcher" daemon [_thread_blocked, id=13256, stack(0x0000002969800000,0x0000002969900000)]
  0x00000214fa521000 JavaThread "Attach Listener" daemon [_thread_blocked, id=4468, stack(0x0000002969900000,0x0000002969a00000)]
  0x00000214fa522800 JavaThread "Service Thread" daemon [_thread_blocked, id=8336, stack(0x0000002969a00000,0x0000002969b00000)]
  0x00000214fa524800 JavaThread "C2 CompilerThread0" daemon [_thread_blocked, id=12684, stack(0x0000002969b00000,0x0000002969c00000)]
  0x00000214fa52a800 JavaThread "C1 CompilerThread0" daemon [_thread_blocked, id=5216, stack(0x0000002969c00000,0x0000002969d00000)]
  0x00000214fa53b000 JavaThread "Sweeper thread" daemon [_thread_blocked, id=3784, stack(0x0000002969d00000,0x0000002969e00000)]
  0x00000214fa45b800 JavaThread "Common-Cleaner" daemon [_thread_blocked, id=11192, stack(0x0000002969e00000,0x0000002969f00000)]
  0x00000214fadb5000 JavaThread "C2 CompilerThread1" daemon [_thread_blocked, id=13896, stack(0x000000296a100000,0x000000296a200000)]

Other Threads:
=>0x00000214fa496800 VMThread "VM Thread" [stack: 0x0000002969500000,0x0000002969600000] [id=7716]
  0x00000214fa8c5800 WatcherThread [stack: 0x0000002969f00000,0x000000296a000000] [id=10176]
  0x00000214e86a3800 GCTaskThread "GC Thread#0" [stack: 0x0000002969000000,0x0000002969100000] [id=9928]
  0x00000214faa68000 GCTaskThread "GC Thread#1" [stack: 0x000000296a000000,0x000000296a100000] [id=10164]
  0x00000214faa69000 GCTaskThread "GC Thread#2" [stack: 0x000000296a200000,0x000000296a300000] [id=8108]
  0x00000214e86d5000 ConcurrentGCThread "G1 Main Marker" [stack: 0x0000002969100000,0x0000002969200000] [id=10784]
  0x00000214e86d7000 ConcurrentGCThread "G1 Conc#0" [stack: 0x0000002969200000,0x0000002969300000] [id=4840]
  0x00000214e86ef800 ConcurrentGCThread "G1 Refine#0" [stack: 0x0000002969300000,0x0000002969400000] [id=7388]
  0x00000214fc4d4800 ConcurrentGCThread "G1 Refine#1" [stack: 0x000000296a300000,0x000000296a400000] [id=11504]
  0x00000214e86f1800 ConcurrentGCThread "G1 Young RemSet Sampling" [stack: 0x0000002969400000,0x0000002969500000] [id=6800]

Threads with active compile tasks:
C2 CompilerThread0   7588 3979       4       com.sun.tools.javac.code.Types$ImplementationCache::implementationInternal (164 bytes)
C2 CompilerThread1   7588 3774       4       com.sun.tools.javac.comp.Resolve::findInheritedMemberType (186 bytes)

VM state:at safepoint (normal execution)

VM Mutex/Monitor currently owned by a thread:  ([mutex/lock_event])
[0x00000214e8688b60] Threads_lock - owner thread: 0x00000214fa496800
[0x00000214e8688530] Heap_lock - owner thread: 0x00000214e868c000

Heap address: 0x0000000081a00000, size: 2022 MB, Compressed Oops mode: 32-bit
Narrow klass base: 0x0000000000000000, Narrow klass shift: 3
Compressed class space size: 1073741824 Address: 0x0000000100000000

Heap:
 garbage-first heap   total 279552K, used 67935K [0x0000000081a00000, 0x0000000100000000)
  region size 1024K, 4 young (4096K), 4 survivors (4096K)
 Metaspace       used 18068K, capacity 18344K, committed 18432K, reserved 1067008K
  class space    used 1687K, capacity 1785K, committed 1792K, reserved 1048576K
Heap Regions: E=young(eden), S=young(survivor), O=old, HS=humongous(starts), HC=humongous(continues), CS=collection set, F=free, A=archive, TAMS=top-at-mark-start (previous, next)
|   0|0x0000000081a00000, 0x0000000081b00000, 0x0000000081b00000|100%| O|  |TAMS 0x0000000081b00000, 0x0000000081a00000| Untracked 
|   1|0x0000000081b00000, 0x0000000081c00000, 0x0000000081c00000|100%| O|  |TAMS 0x0000000081c00000, 0x0000000081b00000| Untracked 
|   2|0x0000000081c00000, 0x0000000081d00000, 0x0000000081d00000|100%| O|  |TAMS 0x0000000081d00000, 0x0000000081c00000| Untracked 
|   3|0x0000000081d00000, 0x0000000081e00000, 0x0000000081e00000|100%| O|  |TAMS 0x0000000081e00000, 0x0000000081d00000| Untracked 
|   4|0x0000000081e00000, 0x0000000081f00000, 0x0000000081f00000|100%| O|  |TAMS 0x0000000081f00000, 0x0000000081e00000| Untracked 
|   5|0x0000000081f00000, 0x0000000082000000, 0x0000000082000000|100%| O|  |TAMS 0x0000000082000000, 0x0000000081f00000| Untracked 
|   6|0x0000000082000000, 0x0000000082100000, 0x0000000082100000|100%| O|  |TAMS 0x0000000082100000, 0x0000000082000000| Untracked 
|   7|0x0000000082100000, 0x0000000082200000, 0x0000000082200000|100%| O|  |TAMS 0x0000000082200000, 0x0000000082100000| Untracked 
|   8|0x0000000082200000, 0x0000000082300000, 0x0000000082300000|100%| O|  |TAMS 0x0000000082300000, 0x0000000082200000| Untracked 
|   9|0x0000000082300000, 0x0000000082400000, 0x0000000082400000|100%|HS|  |TAMS 0x0000000082400000, 0x0000000082300000| Complete 
|  10|0x0000000082400000, 0x0000000082500000, 0x0000000082500000|100%|HC|  |TAMS 0x0000000082500000, 0x0000000082400000| Complete 
|  11|0x0000000082500000, 0x0000000082600000, 0x0000000082600000|100%|HC|  |TAMS 0x0000000082600000, 0x0000000082500000| Complete 
|  12|0x0000000082600000, 0x0000000082700000, 0x0000000082700000|100%|HS|  |TAMS 0x0000000082700000, 0x0000000082600000| Complete 
|  13|0x0000000082700000, 0x0000000082800000, 0x0000000082800000|100%| O|  |TAMS 0x0000000082800000, 0x0000000082700000| Untracked 
|  14|0x0000000082800000, 0x0000000082900000, 0x0000000082900000|100%|HS|  |TAMS 0x0000000082900000, 0x0000000082800000| Complete 
|  15|0x0000000082900000, 0x0000000082a00000, 0x0000000082a00000|100%|HC|  |TAMS 0x0000000082a00000, 0x0000000082900000| Complete 
|  16|0x0000000082a00000, 0x0000000082b00000, 0x0000000082b00000|100%|HC|  |TAMS 0x0000000082b00000, 0x0000000082a00000| Complete 
|  17|0x0000000082b00000, 0x0000000082c00000, 0x0000000082c00000|100%|HC|  |TAMS 0x0000000082c00000, 0x0000000082b00000| Complete 
|  18|0x0000000082c00000, 0x0000000082d00000, 0x0000000082d00000|100%|HC|  |TAMS 0x0000000082d00000, 0x0000000082c00000| Complete 
|  19|0x0000000082d00000, 0x0000000082e00000, 0x0000000082e00000|100%|HS|  |TAMS 0x0000000082e00000, 0x0000000082d00000| Complete 
|  20|0x0000000082e00000, 0x0000000082f00000, 0x0000000082f00000|100%|HC|  |TAMS 0x0000000082f00000, 0x0000000082e00000| Complete 
|  21|0x0000000082f00000, 0x0000000083000000, 0x0000000083000000|100%| O|  |TAMS 0x0000000083000000, 0x0000000082f00000| Untracked 
|  22|0x0000000083000000, 0x0000000083100000, 0x0000000083100000|100%| O|  |TAMS 0x0000000083100000, 0x0000000083000000| Untracked 
|  23|0x0000000083100000, 0x0000000083200000, 0x0000000083200000|100%| O|  |TAMS 0x0000000083200000, 0x0000000083100000| Untracked 
|  24|0x0000000083200000, 0x0000000083300000, 0x0000000083300000|100%| O|  |TAMS 0x0000000083300000, 0x0000000083200000| Untracked 
|  25|0x0000000083300000, 0x0000000083400000, 0x0000000083400000|100%| O|  |TAMS 0x0000000083400000, 0x0000000083300000| Untracked 
|  26|0x0000000083400000, 0x0000000083500000, 0x0000000083500000|100%| O|  |TAMS 0x0000000083500000, 0x0000000083400000| Untracked 
|  27|0x0000000083500000, 0x0000000083600000, 0x0000000083600000|100%| O|  |TAMS 0x0000000083500000, 0x0000000083500000| Untracked 
|  28|0x0000000083600000, 0x0000000083700000, 0x0000000083700000|100%| O|  |TAMS 0x0000000083700000, 0x0000000083600000| Untracked 
|  29|0x0000000083700000, 0x0000000083800000, 0x0000000083800000|100%| O|  |TAMS 0x0000000083800000, 0x0000000083700000| Untracked 
|  30|0x0000000083800000, 0x0000000083900000, 0x0000000083900000|100%| O|  |TAMS 0x0000000083900000, 0x0000000083800000| Untracked 
|  31|0x0000000083900000, 0x0000000083a00000, 0x0000000083a00000|100%| O|  |TAMS 0x0000000083a00000, 0x0000000083900000| Untracked 
|  32|0x0000000083a00000, 0x0000000083b00000, 0x0000000083b00000|100%| O|  |TAMS 0x0000000083b00000, 0x0000000083a00000| Untracked 
|  33|0x0000000083b00000, 0x0000000083c00000, 0x0000000083c00000|100%| O|  |TAMS 0x0000000083c00000, 0x0000000083b00000| Untracked 
|  34|0x0000000083c00000, 0x0000000083d00000, 0x0000000083d00000|100%| O|  |TAMS 0x0000000083d00000, 0x0000000083c00000| Untracked 
|  35|0x0000000083d00000, 0x0000000083e00000, 0x0000000083e00000|100%| O|  |TAMS 0x0000000083e00000, 0x0000000083d00000| Untracked 
|  36|0x0000000083e00000, 0x0000000083f00000, 0x0000000083f00000|100%| O|  |TAMS 0x0000000083f00000, 0x0000000083e00000| Untracked 
|  37|0x0000000083f00000, 0x0000000084000000, 0x0000000084000000|100%| O|  |TAMS 0x0000000084000000, 0x0000000083f00000| Untracked 
|  38|0x0000000084000000, 0x0000000084100000, 0x0000000084100000|100%| O|  |TAMS 0x0000000084100000, 0x0000000084000000| Untracked 
|  39|0x0000000084100000, 0x0000000084200000, 0x0000000084200000|100%| O|  |TAMS 0x0000000084200000, 0x0000000084100000| Untracked 
|  40|0x0000000084200000, 0x0000000084300000, 0x0000000084300000|100%| O|  |TAMS 0x00000000842ef000, 0x0000000084200000| Untracked 
|  41|0x0000000084300000, 0x0000000084400000, 0x0000000084400000|100%| O|  |TAMS 0x0000000084300000, 0x0000000084300000| Untracked 
|  42|0x0000000084400000, 0x0000000084500000, 0x0000000084500000|100%| O|  |TAMS 0x0000000084400000, 0x0000000084400000| Untracked 
|  43|0x0000000084500000, 0x0000000084600000, 0x0000000084600000|100%| O|  |TAMS 0x0000000084500000, 0x0000000084500000| Untracked 
|  44|0x0000000084600000, 0x0000000084700000, 0x0000000084700000|100%| O|  |TAMS 0x0000000084600000, 0x0000000084600000| Untracked 
|  45|0x0000000084700000, 0x0000000084800000, 0x0000000084800000|100%| O|  |TAMS 0x0000000084700000, 0x0000000084700000| Untracked 
|  46|0x0000000084800000, 0x0000000084900000, 0x0000000084900000|100%| O|  |TAMS 0x0000000084800000, 0x0000000084800000| Untracked 
|  47|0x0000000084900000, 0x0000000084a00000, 0x0000000084a00000|100%| O|  |TAMS 0x0000000084900000, 0x0000000084900000| Untracked 
|  48|0x0000000084a00000, 0x0000000084b00000, 0x0000000084b00000|100%|HS|  |TAMS 0x0000000084a00000, 0x0000000084a00000| Complete 
|  49|0x0000000084b00000, 0x0000000084c00000, 0x0000000084c00000|100%|HC|  |TAMS 0x0000000084b00000, 0x0000000084b00000| Complete 
|  50|0x0000000084c00000, 0x0000000084d00000, 0x0000000084d00000|100%| O|  |TAMS 0x0000000084c00000, 0x0000000084c00000| Untracked 
|  51|0x0000000084d00000, 0x0000000084e00000, 0x0000000084e00000|100%| O|  |TAMS 0x0000000084d00000, 0x0000000084d00000| Untracked 
|  52|0x0000000084e00000, 0x0000000084f00000, 0x0000000084f00000|100%| O|  |TAMS 0x0000000084e00000, 0x0000000084e00000| Untracked 
|  53|0x0000000084f00000, 0x0000000085000000, 0x0000000085000000|100%| O|  |TAMS 0x0000000084f00000, 0x0000000084f00000| Untracked 
|  54|0x0000000085000000, 0x0000000085100000, 0x0000000085100000|100%| O|  |TAMS 0x0000000085000000, 0x0000000085000000| Untracked 
|  55|0x0000000085100000, 0x0000000085200000, 0x0000000085200000|100%| O|  |TAMS 0x0000000085100000, 0x0000000085100000| Untracked 
|  56|0x0000000085200000, 0x0000000085300000, 0x0000000085300000|100%| O|  |TAMS 0x0000000085200000, 0x0000000085200000| Untracked 
|  57|0x0000000085300000, 0x0000000085400000, 0x0000000085400000|100%| O|  |TAMS 0x0000000085300000, 0x0000000085300000| Untracked 
|  58|0x0000000085400000, 0x0000000085500000, 0x0000000085500000|100%| O|  |TAMS 0x0000000085400000, 0x0000000085400000| Untracked 
|  59|0x0000000085500000, 0x0000000085600000, 0x0000000085600000|100%| O|  |TAMS 0x0000000085500000, 0x0000000085500000| Untracked 
|  60|0x0000000085600000, 0x0000000085700000, 0x0000000085700000|100%| O|  |TAMS 0x0000000085600000, 0x0000000085600000| Untracked 
|  61|0x0000000085700000, 0x0000000085800000, 0x0000000085800000|100%| O|  |TAMS 0x0000000085700000, 0x0000000085700000| Untracked 
|  62|0x0000000085800000, 0x00000000858df200, 0x0000000085900000| 87%| O|  |TAMS 0x0000000085800000, 0x0000000085800000| Untracked 
|  63|0x0000000085900000, 0x0000000085900000, 0x0000000085a00000|  0%| F|  |TAMS 0x0000000085900000, 0x0000000085900000| Untracked 
|  64|0x0000000085a00000, 0x0000000085a00000, 0x0000000085b00000|  0%| F|  |TAMS 0x0000000085a00000, 0x0000000085a00000| Untracked 
|  65|0x0000000085b00000, 0x0000000085b00000, 0x0000000085c00000|  0%| F|  |TAMS 0x0000000085b00000, 0x0000000085b00000| Untracked 
|  66|0x0000000085c00000, 0x0000000085c00000, 0x0000000085d00000|  0%| F|  |TAMS 0x0000000085c00000, 0x0000000085c00000| Untracked 
|  67|0x0000000085d00000, 0x0000000085d00000, 0x0000000085e00000|  0%| F|  |TAMS 0x0000000085d00000, 0x0000000085d00000| Untracked 
|  68|0x0000000085e00000, 0x0000000085e00000, 0x0000000085f00000|  0%| F|  |TAMS 0x0000000085e00000, 0x0000000085e00000| Untracked 
|  69|0x0000000085f00000, 0x0000000085f00000, 0x0000000086000000|  0%| F|  |TAMS 0x0000000085f00000, 0x0000000085f00000| Untracked 
|  70|0x0000000086000000, 0x0000000086000000, 0x0000000086100000|  0%| F|  |TAMS 0x0000000086000000, 0x0000000086000000| Untracked 
|  71|0x0000000086100000, 0x0000000086100000, 0x0000000086200000|  0%| F|  |TAMS 0x0000000086100000, 0x0000000086100000| Untracked 
|  72|0x0000000086200000, 0x0000000086200000, 0x0000000086300000|  0%| F|  |TAMS 0x0000000086200000, 0x0000000086200000| Untracked 
|  73|0x0000000086300000, 0x0000000086300000, 0x0000000086400000|  0%| F|  |TAMS 0x0000000086300000, 0x0000000086300000| Untracked 
|  74|0x0000000086400000, 0x0000000086400000, 0x0000000086500000|  0%| F|  |TAMS 0x0000000086400000, 0x0000000086400000| Untracked 
|  75|0x0000000086500000, 0x0000000086500000, 0x0000000086600000|  0%| F|  |TAMS 0x0000000086500000, 0x0000000086500000| Untracked 
|  76|0x0000000086600000, 0x0000000086600000, 0x0000000086700000|  0%| F|  |TAMS 0x0000000086600000, 0x0000000086600000| Untracked 
|  77|0x0000000086700000, 0x0000000086700000, 0x0000000086800000|  0%| F|  |TAMS 0x0000000086700000, 0x0000000086700000| Untracked 
|  78|0x0000000086800000, 0x0000000086800000, 0x0000000086900000|  0%| F|  |TAMS 0x0000000086800000, 0x0000000086800000| Untracked 
|  79|0x0000000086900000, 0x0000000086900000, 0x0000000086a00000|  0%| F|  |TAMS 0x0000000086900000, 0x0000000086900000| Untracked 
|  80|0x0000000086a00000, 0x0000000086a00000, 0x0000000086b00000|  0%| F|  |TAMS 0x0000000086a00000, 0x0000000086a00000| Untracked 
|  81|0x0000000086b00000, 0x0000000086b00000, 0x0000000086c00000|  0%| F|  |TAMS 0x0000000086b00000, 0x0000000086b00000| Untracked 
|  82|0x0000000086c00000, 0x0000000086c00000, 0x0000000086d00000|  0%| F|  |TAMS 0x0000000086c00000, 0x0000000086c00000| Untracked 
|  83|0x0000000086d00000, 0x0000000086d00000, 0x0000000086e00000|  0%| F|  |TAMS 0x0000000086d00000, 0x0000000086d00000| Untracked 
|  84|0x0000000086e00000, 0x0000000086e00000, 0x0000000086f00000|  0%| F|  |TAMS 0x0000000086e00000, 0x0000000086e00000| Untracked 
|  85|0x0000000086f00000, 0x0000000086f00000, 0x0000000087000000|  0%| F|  |TAMS 0x0000000086f00000, 0x0000000086f00000| Untracked 
|  86|0x0000000087000000, 0x0000000087000000, 0x0000000087100000|  0%| F|  |TAMS 0x0000000087000000, 0x0000000087000000| Untracked 
|  87|0x0000000087100000, 0x0000000087100000, 0x0000000087200000|  0%| F|  |TAMS 0x0000000087100000, 0x0000000087100000| Untracked 
|  88|0x0000000087200000, 0x0000000087200000, 0x0000000087300000|  0%| F|  |TAMS 0x0000000087200000, 0x0000000087200000| Untracked 
|  89|0x0000000087300000, 0x0000000087300000, 0x0000000087400000|  0%| F|  |TAMS 0x0000000087300000, 0x0000000087300000| Untracked 
|  90|0x0000000087400000, 0x0000000087400000, 0x0000000087500000|  0%| F|  |TAMS 0x0000000087400000, 0x0000000087400000| Untracked 
|  91|0x0000000087500000, 0x0000000087500000, 0x0000000087600000|  0%| F|  |TAMS 0x0000000087500000, 0x0000000087500000| Untracked 
|  92|0x0000000087600000, 0x0000000087600000, 0x0000000087700000|  0%| F|  |TAMS 0x0000000087600000, 0x0000000087600000| Untracked 
|  93|0x0000000087700000, 0x0000000087700000, 0x0000000087800000|  0%| F|  |TAMS 0x0000000087700000, 0x0000000087700000| Untracked 
|  94|0x0000000087800000, 0x0000000087800000, 0x0000000087900000|  0%| F|  |TAMS 0x0000000087800000, 0x0000000087800000| Untracked 
|  95|0x0000000087900000, 0x0000000087900000, 0x0000000087a00000|  0%| F|  |TAMS 0x0000000087900000, 0x0000000087900000| Untracked 
|  96|0x0000000087a00000, 0x0000000087a00000, 0x0000000087b00000|  0%| F|  |TAMS 0x0000000087a00000, 0x0000000087a00000| Untracked 
|  97|0x0000000087b00000, 0x0000000087b00000, 0x0000000087c00000|  0%| F|  |TAMS 0x0000000087b00000, 0x0000000087b00000| Untracked 
|  98|0x0000000087c00000, 0x0000000087c00000, 0x0000000087d00000|  0%| F|  |TAMS 0x0000000087c00000, 0x0000000087c00000| Untracked 
|  99|0x0000000087d00000, 0x0000000087d00000, 0x0000000087e00000|  0%| F|  |TAMS 0x0000000087d00000, 0x0000000087d00000| Untracked 
| 100|0x0000000087e00000, 0x0000000087e00000, 0x0000000087f00000|  0%| F|  |TAMS 0x0000000087e00000, 0x0000000087e00000| Untracked 
| 101|0x0000000087f00000, 0x0000000087f00000, 0x0000000088000000|  0%| F|  |TAMS 0x0000000087f00000, 0x0000000087f00000| Untracked 
| 102|0x0000000088000000, 0x0000000088000000, 0x0000000088100000|  0%| F|  |TAMS 0x0000000088000000, 0x0000000088000000| Untracked 
| 103|0x0000000088100000, 0x0000000088100000, 0x0000000088200000|  0%| F|  |TAMS 0x0000000088100000, 0x0000000088100000| Untracked 
| 104|0x0000000088200000, 0x0000000088278b70, 0x0000000088300000| 47%| S|CS|TAMS 0x0000000088200000, 0x0000000088200000| Complete 
| 105|0x0000000088300000, 0x0000000088400000, 0x0000000088400000|100%| S|CS|TAMS 0x0000000088300000, 0x0000000088300000| Complete 
| 106|0x0000000088400000, 0x0000000088500000, 0x0000000088500000|100%| S|CS|TAMS 0x0000000088400000, 0x0000000088400000| Complete 
| 107|0x0000000088500000, 0x0000000088600000, 0x0000000088600000|100%| S|CS|TAMS 0x0000000088500000, 0x0000000088500000| Complete 
| 108|0x0000000088600000, 0x0000000088600000, 0x0000000088700000|  0%| F|  |TAMS 0x0000000088600000, 0x0000000088600000| Untracked 
| 109|0x0000000088700000, 0x0000000088700000, 0x0000000088800000|  0%| F|  |TAMS 0x0000000088700000, 0x0000000088700000| Untracked 
| 110|0x0000000088800000, 0x0000000088800000, 0x0000000088900000|  0%| F|  |TAMS 0x0000000088800000, 0x0000000088800000| Untracked 
| 111|0x0000000088900000, 0x0000000088900000, 0x0000000088a00000|  0%| F|  |TAMS 0x0000000088900000, 0x0000000088900000| Untracked 
| 112|0x0000000088a00000, 0x0000000088a00000, 0x0000000088b00000|  0%| F|  |TAMS 0x0000000088a00000, 0x0000000088a00000| Untracked 
| 113|0x0000000088b00000, 0x0000000088b00000, 0x0000000088c00000|  0%| F|  |TAMS 0x0000000088b00000, 0x0000000088b00000| Untracked 
| 114|0x0000000088c00000, 0x0000000088c00000, 0x0000000088d00000|  0%| F|  |TAMS 0x0000000088c00000, 0x0000000088c00000| Untracked 
| 115|0x0000000088d00000, 0x0000000088d00000, 0x0000000088e00000|  0%| F|  |TAMS 0x0000000088d00000, 0x0000000088d00000| Untracked 
| 116|0x0000000088e00000, 0x0000000088e00000, 0x0000000088f00000|  0%| F|  |TAMS 0x0000000088e00000, 0x0000000088e00000| Untracked 
| 117|0x0000000088f00000, 0x0000000088f00000, 0x0000000089000000|  0%| F|  |TAMS 0x0000000088f00000, 0x0000000088f00000| Untracked 
| 118|0x0000000089000000, 0x0000000089000000, 0x0000000089100000|  0%| F|  |TAMS 0x0000000089000000, 0x0000000089000000| Untracked 
| 119|0x0000000089100000, 0x0000000089100000, 0x0000000089200000|  0%| F|  |TAMS 0x0000000089100000, 0x0000000089100000| Untracked 
| 120|0x0000000089200000, 0x0000000089200000, 0x0000000089300000|  0%| F|  |TAMS 0x0000000089200000, 0x0000000089200000| Untracked 
| 121|0x0000000089300000, 0x0000000089300000, 0x0000000089400000|  0%| F|  |TAMS 0x0000000089300000, 0x0000000089300000| Untracked 
| 122|0x0000000089400000, 0x0000000089400000, 0x0000000089500000|  0%| F|  |TAMS 0x0000000089400000, 0x0000000089400000| Untracked 
| 123|0x0000000089500000, 0x0000000089500000, 0x0000000089600000|  0%| F|  |TAMS 0x0000000089500000, 0x0000000089500000| Untracked 
| 124|0x0000000089600000, 0x0000000089600000, 0x0000000089700000|  0%| F|  |TAMS 0x0000000089600000, 0x0000000089600000| Untracked 
| 125|0x0000000089700000, 0x0000000089700000, 0x0000000089800000|  0%| F|  |TAMS 0x0000000089700000, 0x0000000089700000| Untracked 
| 126|0x0000000089800000, 0x0000000089800000, 0x0000000089900000|  0%| F|  |TAMS 0x0000000089800000, 0x0000000089800000| Untracked 
| 127|0x0000000089900000, 0x0000000089900000, 0x0000000089a00000|  0%| F|  |TAMS 0x0000000089900000, 0x0000000089900000| Untracked 
| 128|0x0000000089a00000, 0x0000000089a00000, 0x0000000089b00000|  0%| F|  |TAMS 0x0000000089a00000, 0x0000000089a00000| Untracked 
| 129|0x0000000089b00000, 0x0000000089b00000, 0x0000000089c00000|  0%| F|  |TAMS 0x0000000089b00000, 0x0000000089b00000| Untracked 
| 130|0x0000000089c00000, 0x0000000089c00000, 0x0000000089d00000|  0%| F|  |TAMS 0x0000000089c00000, 0x0000000089c00000| Untracked 
| 131|0x0000000089d00000, 0x0000000089d00000, 0x0000000089e00000|  0%| F|  |TAMS 0x0000000089d00000, 0x0000000089d00000| Untracked 
| 132|0x0000000089e00000, 0x0000000089e00000, 0x0000000089f00000|  0%| F|  |TAMS 0x0000000089e00000, 0x0000000089e00000| Untracked 
| 133|0x0000000089f00000, 0x0000000089f00000, 0x000000008a000000|  0%| F|  |TAMS 0x0000000089f00000, 0x0000000089f00000| Untracked 
| 134|0x000000008a000000, 0x000000008a000000, 0x000000008a100000|  0%| F|  |TAMS 0x000000008a000000, 0x000000008a000000| Untracked 
| 135|0x000000008a100000, 0x000000008a100000, 0x000000008a200000|  0%| F|  |TAMS 0x000000008a100000, 0x000000008a100000| Untracked 
| 136|0x000000008a200000, 0x000000008a200000, 0x000000008a300000|  0%| F|  |TAMS 0x000000008a200000, 0x000000008a200000| Untracked 
| 137|0x000000008a300000, 0x000000008a300000, 0x000000008a400000|  0%| F|  |TAMS 0x000000008a300000, 0x000000008a300000| Untracked 
| 138|0x000000008a400000, 0x000000008a400000, 0x000000008a500000|  0%| F|  |TAMS 0x000000008a400000, 0x000000008a400000| Untracked 
| 139|0x000000008a500000, 0x000000008a500000, 0x000000008a600000|  0%| F|  |TAMS 0x000000008a500000, 0x000000008a500000| Untracked 
| 140|0x000000008a600000, 0x000000008a600000, 0x000000008a700000|  0%| F|  |TAMS 0x000000008a600000, 0x000000008a600000| Untracked 
| 141|0x000000008a700000, 0x000000008a700000, 0x000000008a800000|  0%| F|  |TAMS 0x000000008a700000, 0x000000008a700000| Untracked 

Card table byte_map: [0x00000214f2fb0000,0x00000214f33b0000] _byte_map_base: 0x00000214f2ba3000

Marking Bits (Prev, Next): (CMBitMap*) 0x00000214e86cc150, (CMBitMap*) 0x00000214e86cc118
 Prev Bits: [0x00000214f5750000, 0x00000214f76e8000)
 Next Bits: [0x00000214f37b0000, 0x00000214f5748000)

Polling page: 0x00000214e8770000

Metaspace:

Usage:
  Non-class:     16.17 MB capacity,    16.00 MB ( 99%) used,   144.56 KB ( <1%) free+waste,    33.13 KB ( <1%) overhead. 
      Class:      1.74 MB capacity,     1.65 MB ( 95%) used,    84.11 KB (  5%) free+waste,    13.25 KB ( <1%) overhead. 
       Both:     17.91 MB capacity,    17.65 MB ( 99%) used,   228.67 KB (  1%) free+waste,    46.38 KB ( <1%) overhead. 

Virtual space:
  Non-class space:       18.00 MB reserved,      16.25 MB ( 90%) committed 
      Class space:        1.00 GB reserved,       1.75 MB ( <1%) committed 
             Both:        1.02 GB reserved,      18.00 MB (  2%) committed 

Chunk freelists:
   Non-Class:  17.00 KB
       Class:  7.00 KB
        Both:  24.00 KB

MaxMetaspaceSize: 17179869184.00 GB
CompressedClassSpaceSize: 1.00 GB
Initial GC threshold: 20.80 MB
Current GC threshold: 26.67 MB
CDS: off

CodeHeap 'non-profiled nmethods': size=120064Kb used=2089Kb max_used=2089Kb free=117974Kb
 bounds [0x0000021487ac0000, 0x0000021487d30000, 0x000002148f000000]
CodeHeap 'profiled nmethods': size=120000Kb used=10456Kb max_used=10456Kb free=109543Kb
 bounds [0x0000021480590000, 0x0000021480fd0000, 0x0000021487ac0000]
CodeHeap 'non-nmethods': size=5696Kb used=1156Kb max_used=1215Kb free=4539Kb
 bounds [0x0000021480000000, 0x0000021480270000, 0x0000021480590000]
 total_blobs=4302 nmethods=3898 adapters=316
 compilation: enabled
              stopped_count=0, restarted_count=0
 full_count=0

Compilation events (20 events):
Event: 7.510 Thread 0x00000214fa52a800 3984       2       com.sun.tools.javac.code.Type$ClassType$2::<init> (22 bytes)
Event: 7.510 Thread 0x00000214fa52a800 nmethod 3984 0x0000021480fbd590 code [0x0000021480fbd740, 0x0000021480fbd928]
Event: 7.510 Thread 0x00000214fa52a800 3985       2       com.sun.tools.javac.code.Type$WildcardType::<init> (13 bytes)
Event: 7.511 Thread 0x00000214fa52a800 nmethod 3985 0x0000021480fbda10 code [0x0000021480fbdbe0, 0x0000021480fbdfa8]
Event: 7.511 Thread 0x00000214fa52a800 3986       2       com.sun.tools.javac.code.Types::asSub (13 bytes)
Event: 7.511 Thread 0x00000214fa52a800 nmethod 3986 0x0000021480fbe110 code [0x0000021480fbe2c0, 0x0000021480fbe428]
Event: 7.511 Thread 0x00000214fa52a800 3987       2       com.sun.tools.javac.code.Types$2::visitClassType (10 bytes)
Event: 7.512 Thread 0x00000214fa52a800 nmethod 3987 0x0000021480fbe510 code [0x0000021480fbe6c0, 0x0000021480fbe808]
Event: 7.512 Thread 0x00000214fa52a800 3988       2       com.sun.tools.javac.comp.Resolve::findMethod (35 bytes)
Event: 7.512 Thread 0x00000214fa52a800 nmethod 3988 0x0000021480fbe910 code [0x0000021480fbeac0, 0x0000021480fbec08]
Event: 7.513 Thread 0x00000214fa524800 nmethod 3973 0x0000021487cc8f10 code [0x0000021487cc9120, 0x0000021487cc9ef8]
Event: 7.513 Thread 0x00000214fa524800 3979       4       com.sun.tools.javac.code.Types$ImplementationCache::implementationInternal (164 bytes)
Event: 7.516 Thread 0x00000214fa52a800 3989       2       com.sun.tools.javac.code.Types$HashCodeVisitor::visitTypeVar (10 bytes)
Event: 7.517 Thread 0x00000214fa52a800 nmethod 3989 0x0000021480fbed10 code [0x0000021480fbeec0, 0x0000021480fbf008]
Event: 7.517 Thread 0x00000214fa52a800 3990       2       com.sun.tools.javac.code.Types$HashCodeVisitor::visitTypeVar (8 bytes)
Event: 7.517 Thread 0x00000214fa52a800 nmethod 3990 0x0000021480fbf110 code [0x0000021480fbf2e0, 0x0000021480fbf4a8]
Event: 7.522 Thread 0x00000214fa52a800 3991 %     3       com.sun.tools.javac.code.Symbol::hiddenInInternal @ 131 (205 bytes)
Event: 7.525 Thread 0x00000214fa52a800 nmethod 3991% 0x0000021480fbf610 code [0x0000021480fbfa60, 0x0000021480fc2138]
Event: 7.526 Thread 0x00000214fa52a800 3992       3       com.sun.tools.javac.code.Symbol::hiddenInInternal (205 bytes)
Event: 7.529 Thread 0x00000214fa52a800 nmethod 3992 0x0000021480fc2d10 code [0x0000021480fc3160, 0x0000021480fc5778]

GC Heap History (20 events):
Event: 2.368 GC heap after
{Heap after GC invocations=34 (full 0):
 garbage-first heap   total 40960K, used 18116K [0x0000000081a00000, 0x0000000100000000)
  region size 1024K, 1 young (1024K), 1 survivors (1024K)
 Metaspace       used 13799K, capacity 14004K, committed 14080K, reserved 1062912K
  class space    used 1436K, capacity 1503K, committed 1536K, reserved 1048576K
}
Event: 2.409 GC heap before
{Heap before GC invocations=35 (full 0):
 garbage-first heap   total 40960K, used 22212K [0x0000000081a00000, 0x0000000100000000)
  region size 1024K, 5 young (5120K), 1 survivors (1024K)
 Metaspace       used 13799K, capacity 14004K, committed 14080K, reserved 1062912K
  class space    used 1436K, capacity 1503K, committed 1536K, reserved 1048576K
}
Event: 2.413 GC heap after
{Heap after GC invocations=36 (full 0):
 garbage-first heap   total 40960K, used 20075K [0x0000000081a00000, 0x0000000100000000)
  region size 1024K, 2 young (2048K), 2 survivors (2048K)
 Metaspace       used 13799K, capacity 14004K, committed 14080K, reserved 1062912K
  class space    used 1436K, capacity 1503K, committed 1536K, reserved 1048576K
}
Event: 2.682 GC heap before
{Heap before GC invocations=37 (full 0):
 garbage-first heap   total 40960K, used 30315K [0x0000000081a00000, 0x0000000100000000)
  region size 1024K, 9 young (9216K), 2 survivors (2048K)
 Metaspace       used 13877K, capacity 14132K, committed 14336K, reserved 1062912K
  class space    used 1436K, capacity 1503K, committed 1536K, reserved 1048576K
}
Event: 2.692 GC heap after
{Heap after GC invocations=38 (full 0):
 garbage-first heap   total 72704K, used 22350K [0x0000000081a00000, 0x0000000100000000)
  region size 1024K, 2 young (2048K), 2 survivors (2048K)
 Metaspace       used 13877K, capacity 14132K, committed 14336K, reserved 1062912K
  class space    used 1436K, capacity 1503K, committed 1536K, reserved 1048576K
}
Event: 3.146 GC heap before
{Heap before GC invocations=38 (full 0):
 garbage-first heap   total 72704K, used 38734K [0x0000000081a00000, 0x0000000100000000)
  region size 1024K, 16 young (16384K), 2 survivors (2048K)
 Metaspace       used 14989K, capacity 15301K, committed 15488K, reserved 1062912K
  class space    used 1523K, capacity 1636K, committed 1664K, reserved 1048576K
}
Event: 3.156 GC heap after
{Heap after GC invocations=39 (full 0):
 garbage-first heap   total 72704K, used 29304K [0x0000000081a00000, 0x0000000100000000)
  region size 1024K, 2 young (2048K), 2 survivors (2048K)
 Metaspace       used 14989K, capacity 15301K, committed 15488K, reserved 1062912K
  class space    used 1523K, capacity 1636K, committed 1664K, reserved 1048576K
}
Event: 3.832 GC heap before
{Heap before GC invocations=39 (full 0):
 garbage-first heap   total 72704K, used 44664K [0x0000000081a00000, 0x0000000100000000)
  region size 1024K, 16 young (16384K), 2 survivors (2048K)
 Metaspace       used 15747K, capacity 16050K, committed 16384K, reserved 1064960K
  class space    used 1580K, capacity 1691K, committed 1792K, reserved 1048576K
}
Event: 3.847 GC heap after
{Heap after GC invocations=40 (full 0):
 garbage-first heap   total 72704K, used 34816K [0x0000000081a00000, 0x0000000100000000)
  region size 1024K, 2 young (2048K), 2 survivors (2048K)
 Metaspace       used 15747K, capacity 16050K, committed 16384K, reserved 1064960K
  class space    used 1580K, capacity 1691K, committed 1792K, reserved 1048576K
}
Event: 3.968 GC heap before
{Heap before GC invocations=40 (full 0):
 garbage-first heap   total 72704K, used 48128K [0x0000000081a00000, 0x0000000100000000)
  region size 1024K, 15 young (15360K), 2 survivors (2048K)
 Metaspace       used 15817K, capacity 16181K, committed 16384K, reserved 1064960K
  class space    used 1580K, capacity 1692K, committed 1792K, reserved 1048576K
}
Event: 3.991 GC heap after
{Heap after GC invocations=41 (full 0):
 garbage-first heap   total 72704K, used 43964K [0x0000000081a00000, 0x0000000100000000)
  region size 1024K, 2 young (2048K), 2 survivors (2048K)
 Metaspace       used 15817K, capacity 16181K, committed 16384K, reserved 1064960K
  class space    used 1580K, capacity 1692K, committed 1792K, reserved 1048576K
}
Event: 4.049 GC heap before
{Heap before GC invocations=41 (full 0):
 garbage-first heap   total 72704K, used 52156K [0x0000000081a00000, 0x0000000100000000)
  region size 1024K, 10 young (10240K), 2 survivors (2048K)
 Metaspace       used 15847K, capacity 16189K, committed 16384K, reserved 1064960K
  class space    used 1583K, capacity 1695K, committed 1792K, reserved 1048576K
}
Event: 4.066 GC heap after
{Heap after GC invocations=42 (full 0):
 garbage-first heap   total 145408K, used 50688K [0x0000000081a00000, 0x0000000100000000)
  region size 1024K, 2 young (2048K), 2 survivors (2048K)
 Metaspace       used 15847K, capacity 16189K, committed 16384K, reserved 1064960K
  class space    used 1583K, capacity 1695K, committed 1792K, reserved 1048576K
}
Event: 4.651 GC heap before
{Heap before GC invocations=43 (full 0):
 garbage-first heap   total 145408K, used 80384K [0x0000000081a00000, 0x0000000100000000)
  region size 1024K, 29 young (29696K), 2 survivors (2048K)
 Metaspace       used 16161K, capacity 16464K, committed 16640K, reserved 1064960K
  class space    used 1588K, capacity 1696K, committed 1792K, reserved 1048576K
}
Event: 4.678 GC heap after
{Heap after GC invocations=44 (full 0):
 garbage-first heap   total 145408K, used 59263K [0x0000000081a00000, 0x0000000100000000)
  region size 1024K, 4 young (4096K), 4 survivors (4096K)
 Metaspace       used 16161K, capacity 16464K, committed 16640K, reserved 1064960K
  class space    used 1588K, capacity 1696K, committed 1792K, reserved 1048576K
}
Event: 5.737 GC heap before
{Heap before GC invocations=44 (full 0):
 garbage-first heap   total 145408K, used 88959K [0x0000000081a00000, 0x0000000100000000)
  region size 1024K, 33 young (33792K), 4 survivors (4096K)
 Metaspace       used 17459K, capacity 17700K, committed 17920K, reserved 1064960K
  class space    used 1686K, capacity 1785K, committed 1792K, reserved 1048576K
}
Event: 5.767 GC heap after
{Heap after GC invocations=45 (full 0):
 garbage-first heap   total 145408K, used 64337K [0x0000000081a00000, 0x0000000100000000)
  region size 1024K, 5 young (5120K), 5 survivors (5120K)
 Metaspace       used 17459K, capacity 17700K, committed 17920K, reserved 1064960K
  class space    used 1686K, capacity 1785K, committed 1792K, reserved 1048576K
}
Event: 7.120 GC heap before
{Heap before GC invocations=45 (full 0):
 garbage-first heap   total 145408K, used 94033K [0x0000000081a00000, 0x0000000100000000)
  region size 1024K, 34 young (34816K), 5 survivors (5120K)
 Metaspace       used 17947K, capacity 18215K, committed 18432K, reserved 1067008K
  class space    used 1687K, capacity 1785K, committed 1792K, reserved 1048576K
}
Event: 7.139 GC heap after
{Heap after GC invocations=46 (full 0):
 garbage-first heap   total 145408K, used 66946K [0x0000000081a00000, 0x0000000100000000)
  region size 1024K, 3 young (3072K), 3 survivors (3072K)
 Metaspace       used 17947K, capacity 18215K, committed 18432K, reserved 1067008K
  class space    used 1687K, capacity 1785K, committed 1792K, reserved 1048576K
}
Event: 7.552 GC heap before
{Heap before GC invocations=46 (full 0):
 garbage-first heap   total 145408K, used 98690K [0x0000000081a00000, 0x0000000100000000)
  region size 1024K, 34 young (34816K), 3 survivors (3072K)
 Metaspace       used 18068K, capacity 18344K, committed 18432K, reserved 1067008K
  class space    used 1687K, capacity 1785K, committed 1792K, reserved 1048576K
}

Deoptimization events (20 events):
Event: 7.017 Thread 0x00000214e868c000 DEOPT PACKING pc=0x0000021487c29a5c sp=0x0000002968ffd1f0
Event: 7.017 Thread 0x00000214e868c000 DEOPT UNPACKING pc=0x000002148004a1af sp=0x0000002968ffd188 mode 2
Event: 7.017 Thread 0x00000214e868c000 Uncommon trap: trap_request=0xffffffde fr.pc=0x0000021487c15898 relative=0x0000000000000858
Event: 7.017 Thread 0x00000214e868c000 Uncommon trap: reason=class_check action=maybe_recompile pc=0x0000021487c15898 method=com.sun.tools.javac.code.Types$16.visitClassType(Lcom/sun/tools/javac/code/Type$ClassType;Ljava/lang/Void;)Lcom/sun/tools/javac/util/List; @ 46 c2
Event: 7.017 Thread 0x00000214e868c000 DEOPT PACKING pc=0x0000021487c15898 sp=0x0000002968ffd900
Event: 7.017 Thread 0x00000214e868c000 DEOPT UNPACKING pc=0x000002148004a1af sp=0x0000002968ffd850 mode 2
Event: 7.018 Thread 0x00000214e868c000 Uncommon trap: trap_request=0xffffffde fr.pc=0x0000021487c15898 relative=0x0000000000000858
Event: 7.018 Thread 0x00000214e868c000 Uncommon trap: reason=class_check action=maybe_recompile pc=0x0000021487c15898 method=com.sun.tools.javac.code.Types$16.visitClassType(Lcom/sun/tools/javac/code/Type$ClassType;Ljava/lang/Void;)Lcom/sun/tools/javac/util/List; @ 46 c2
Event: 7.018 Thread 0x00000214e868c000 DEOPT PACKING pc=0x0000021487c15898 sp=0x0000002968ffd900
Event: 7.018 Thread 0x00000214e868c000 DEOPT UNPACKING pc=0x000002148004a1af sp=0x0000002968ffd850 mode 2
Event: 7.061 Thread 0x00000214e868c000 Uncommon trap: trap_request=0xffffff4d fr.pc=0x0000021487c80f8c relative=0x000000000000006c
Event: 7.061 Thread 0x00000214e868c000 Uncommon trap: reason=unstable_if action=reinterpret pc=0x0000021487c80f8c method=java.util.RegularEnumSet.isEmpty()Z @ 6 c2
Event: 7.061 Thread 0x00000214e868c000 DEOPT PACKING pc=0x0000021487c80f8c sp=0x0000002968ffdf00
Event: 7.061 Thread 0x00000214e868c000 DEOPT UNPACKING pc=0x000002148004a1af sp=0x0000002968ffde90 mode 2
Event: 7.092 Thread 0x00000214e868c000 DEOPT PACKING pc=0x0000021480c2708e sp=0x0000002968ffe9f0
Event: 7.092 Thread 0x00000214e868c000 DEOPT UNPACKING pc=0x000002148004a95e sp=0x0000002968ffde68 mode 0
Event: 7.382 Thread 0x00000214e868c000 Uncommon trap: trap_request=0xffffff4d fr.pc=0x0000021487cb99f0 relative=0x00000000000018d0
Event: 7.382 Thread 0x00000214e868c000 Uncommon trap: reason=unstable_if action=reinterpret pc=0x0000021487cb99f0 method=com.sun.tools.javac.code.Types$SignatureGenerator.assembleSig(Lcom/sun/tools/javac/code/Type;)V @ 11 c2
Event: 7.382 Thread 0x00000214e868c000 DEOPT PACKING pc=0x0000021487cb99f0 sp=0x0000002968ffe910
Event: 7.382 Thread 0x00000214e868c000 DEOPT UNPACKING pc=0x000002148004a1af sp=0x0000002968ffe8e8 mode 2

Classes redefined (0 events):
No events

Internal exceptions (20 events):
Event: 7.211 Thread 0x00000214e868c000 Exception <a 'sun/nio/fs/WindowsException'{0x000000008a3cc0a8}> (0x000000008a3cc0a8) thrown at [./src/hotspot/share/prims/jni.cpp, line 615]
Event: 7.230 Thread 0x00000214e868c000 Exception <a 'sun/nio/fs/WindowsException'{0x000000008a17f0c0}> (0x000000008a17f0c0) thrown at [./src/hotspot/share/prims/jni.cpp, line 615]
Event: 7.251 Thread 0x00000214e868c000 Exception <a 'sun/nio/fs/WindowsException'{0x0000000089faf4e0}> (0x0000000089faf4e0) thrown at [./src/hotspot/share/prims/jni.cpp, line 615]
Event: 7.257 Thread 0x00000214e868c000 Exception <a 'sun/nio/fs/WindowsException'{0x0000000089fd3e50}> (0x0000000089fd3e50) thrown at [./src/hotspot/share/prims/jni.cpp, line 615]
Event: 7.264 Thread 0x00000214e868c000 Exception <a 'sun/nio/fs/WindowsException'{0x0000000089ff82f8}> (0x0000000089ff82f8) thrown at [./src/hotspot/share/prims/jni.cpp, line 615]
Event: 7.271 Thread 0x00000214e868c000 Exception <a 'sun/nio/fs/WindowsException'{0x0000000089e479c0}> (0x0000000089e479c0) thrown at [./src/hotspot/share/prims/jni.cpp, line 615]
Event: 7.293 Thread 0x00000214e868c000 Exception <a 'sun/nio/fs/WindowsException'{0x0000000089c14488}> (0x0000000089c14488) thrown at [./src/hotspot/share/prims/jni.cpp, line 615]
Event: 7.300 Thread 0x00000214e868c000 Exception <a 'sun/nio/fs/WindowsException'{0x0000000089c3be60}> (0x0000000089c3be60) thrown at [./src/hotspot/share/prims/jni.cpp, line 615]
Event: 7.341 Thread 0x00000214e868c000 Exception <a 'sun/nio/fs/WindowsException'{0x00000000899e80a0}> (0x00000000899e80a0) thrown at [./src/hotspot/share/prims/jni.cpp, line 615]
Event: 7.345 Thread 0x00000214e868c000 Exception <a 'sun/nio/fs/WindowsException'{0x00000000899f2af8}> (0x00000000899f2af8) thrown at [./src/hotspot/share/prims/jni.cpp, line 615]
Event: 7.351 Thread 0x00000214e868c000 Exception <a 'sun/nio/fs/WindowsException'{0x0000000089822f08}> (0x0000000089822f08) thrown at [./src/hotspot/share/prims/jni.cpp, line 615]
Event: 7.360 Thread 0x00000214e868c000 Exception <a 'sun/nio/fs/WindowsException'{0x00000000898463a8}> (0x00000000898463a8) thrown at [./src/hotspot/share/prims/jni.cpp, line 615]
Event: 7.379 Thread 0x00000214e868c000 Exception <a 'sun/nio/fs/WindowsException'{0x000000008970a248}> (0x000000008970a248) thrown at [./src/hotspot/share/prims/jni.cpp, line 615]
Event: 7.390 Thread 0x00000214e868c000 Exception <a 'sun/nio/fs/WindowsException'{0x000000008972a028}> (0x000000008972a028) thrown at [./src/hotspot/share/prims/jni.cpp, line 615]
Event: 7.402 Thread 0x00000214e868c000 Exception <a 'sun/nio/fs/WindowsException'{0x0000000089782e30}> (0x0000000089782e30) thrown at [./src/hotspot/share/prims/jni.cpp, line 615]
Event: 7.406 Thread 0x00000214e868c000 Exception <a 'sun/nio/fs/WindowsException'{0x000000008978a4c0}> (0x000000008978a4c0) thrown at [./src/hotspot/share/prims/jni.cpp, line 615]
Event: 7.429 Thread 0x00000214e868c000 Exception <a 'sun/nio/fs/WindowsException'{0x00000000895a9328}> (0x00000000895a9328) thrown at [./src/hotspot/share/prims/jni.cpp, line 615]
Event: 7.469 Thread 0x00000214e868c000 Exception <a 'sun/nio/fs/WindowsException'{0x00000000890849d8}> (0x00000000890849d8) thrown at [./src/hotspot/share/prims/jni.cpp, line 615]
Event: 7.473 Thread 0x00000214e868c000 Exception <a 'sun/nio/fs/WindowsException'{0x000000008908f4a0}> (0x000000008908f4a0) thrown at [./src/hotspot/share/prims/jni.cpp, line 615]
Event: 7.491 Thread 0x00000214e868c000 Exception <a 'sun/nio/fs/WindowsException'{0x0000000088f899d8}> (0x0000000088f899d8) thrown at [./src/hotspot/share/prims/jni.cpp, line 615]

Events (20 events):
Event: 5.419 Executing VM operation: ICBufferFull
Event: 5.419 Executing VM operation: ICBufferFull done
Event: 5.737 Executing VM operation: G1CollectForAllocation
Event: 5.767 Executing VM operation: G1CollectForAllocation done
Event: 6.010 Executing VM operation: ICBufferFull
Event: 6.010 Executing VM operation: ICBufferFull done
Event: 6.326 Executing VM operation: ICBufferFull
Event: 6.326 Executing VM operation: ICBufferFull done
Event: 6.663 Executing VM operation: ICBufferFull
Event: 6.664 Executing VM operation: ICBufferFull done
Event: 6.867 Executing VM operation: ICBufferFull
Event: 6.867 Executing VM operation: ICBufferFull done
Event: 6.903 Loaded shared library C:\Program Files\Microsoft\jdk-11.0.12.7-hotspot\bin\nio.dll
Event: 6.993 Executing VM operation: ICBufferFull
Event: 6.994 Executing VM operation: ICBufferFull done
Event: 7.120 Executing VM operation: G1CollectForAllocation
Event: 7.139 Executing VM operation: G1CollectForAllocation done
Event: 7.468 Executing VM operation: ICBufferFull
Event: 7.468 Executing VM operation: ICBufferFull done
Event: 7.551 Executing VM operation: G1CollectForAllocation


Dynamic libraries:
0x00007ff7ad340000 - 0x00007ff7ad347000 	C:\Program Files\Microsoft\jdk-11.0.12.7-hotspot\bin\javac.exe
0x00007fff93c50000 - 0x00007fff93e48000 	C:\Windows\SYSTEM32\ntdll.dll
0x00007fff92290000 - 0x00007fff9234f000 	C:\Windows\System32\KERNEL32.DLL
0x00007fff913f0000 - 0x00007fff916c2000 	C:\Windows\System32\KERNELBASE.dll
0x00007fff91970000 - 0x00007fff91a70000 	C:\Windows\System32\ucrtbase.dll
0x00007fff8adc0000 - 0x00007fff8add5000 	C:\Program Files\Microsoft\jdk-11.0.12.7-hotspot\bin\VCRUNTIME140.dll
0x00007fff8ada0000 - 0x00007fff8adb7000 	C:\Program Files\Microsoft\jdk-11.0.12.7-hotspot\bin\jli.dll
0x00007fff93310000 - 0x00007fff934b1000 	C:\Windows\System32\USER32.dll
0x00007fff91940000 - 0x00007fff91962000 	C:\Windows\System32\win32u.dll
0x00007fff91d80000 - 0x00007fff91dab000 	C:\Windows\System32\GDI32.dll
0x00007fff82990000 - 0x00007fff82c2a000 	C:\Windows\WinSxS\amd64_microsoft.windows.common-controls_6595b64144ccf1df_6.0.19041.1110_none_60b5254171f9507e\COMCTL32.dll
0x00007fff916d0000 - 0x00007fff917df000 	C:\Windows\System32\gdi32full.dll
0x00007fff918a0000 - 0x00007fff9193d000 	C:\Windows\System32\msvcp_win.dll
0x00007fff92590000 - 0x00007fff9262e000 	C:\Windows\System32\msvcrt.dll
0x00007fff91c90000 - 0x00007fff91cc2000 	C:\Windows\System32\IMM32.DLL
0x00007fff57610000 - 0x00007fff576ab000 	C:\Program Files\Microsoft\jdk-11.0.12.7-hotspot\bin\msvcp140.dll
0x00007fff22780000 - 0x00007fff232e1000 	C:\Program Files\Microsoft\jdk-11.0.12.7-hotspot\bin\server\jvm.dll
0x00007fff92350000 - 0x00007fff923fe000 	C:\Windows\System32\ADVAPI32.dll
0x00007fff91f60000 - 0x00007fff91ffc000 	C:\Windows\System32\sechost.dll
0x00007fff91db0000 - 0x00007fff91ed5000 	C:\Windows\System32\RPCRT4.dll
0x00007fff92000000 - 0x00007fff92008000 	C:\Windows\System32\PSAPI.DLL
0x00007fff87de0000 - 0x00007fff87de9000 	C:\Windows\SYSTEM32\WSOCK32.dll
0x00007fff926b0000 - 0x00007fff9271b000 	C:\Windows\System32\WS2_32.dll
0x00007fff76800000 - 0x00007fff76827000 	C:\Windows\SYSTEM32\WINMM.dll
0x00007fff81870000 - 0x00007fff8187a000 	C:\Windows\SYSTEM32\VERSION.dll
0x00007fff8f200000 - 0x00007fff8f212000 	C:\Windows\SYSTEM32\kernel.appcore.dll
0x00007fff8ce60000 - 0x00007fff8ce70000 	C:\Program Files\Microsoft\jdk-11.0.12.7-hotspot\bin\verify.dll
0x00007fff7eea0000 - 0x00007fff7f084000 	C:\Windows\SYSTEM32\DBGHELP.DLL
0x00007fff7ee60000 - 0x00007fff7ee95000 	C:\Windows\SYSTEM32\dbgcore.DLL
0x00007fff917e0000 - 0x00007fff91862000 	C:\Windows\System32\bcryptPrimitives.dll
0x00007fff8ad70000 - 0x00007fff8ad98000 	C:\Program Files\Microsoft\jdk-11.0.12.7-hotspot\bin\java.dll
0x00007fff8bdf0000 - 0x00007fff8bdfa000 	C:\Program Files\Microsoft\jdk-11.0.12.7-hotspot\bin\jimage.dll
0x00007fff8ad50000 - 0x00007fff8ad67000 	C:\Program Files\Microsoft\jdk-11.0.12.7-hotspot\bin\zip.dll
0x00007fff92720000 - 0x00007fff92e64000 	C:\Windows\System32\SHELL32.dll
0x00007fff8f400000 - 0x00007fff8fb92000 	C:\Windows\SYSTEM32\windows.storage.dll
0x00007fff92e70000 - 0x00007fff931c5000 	C:\Windows\System32\combase.dll
0x00007fff90cc0000 - 0x00007fff90cf0000 	C:\Windows\SYSTEM32\Wldp.dll
0x00007fff931d0000 - 0x00007fff9327d000 	C:\Windows\System32\SHCORE.dll
0x00007fff92530000 - 0x00007fff92585000 	C:\Windows\System32\shlwapi.dll
0x00007fff91280000 - 0x00007fff9129f000 	C:\Windows\SYSTEM32\profapi.dll
0x00007fff8ad30000 - 0x00007fff8ad49000 	C:\Program Files\Microsoft\jdk-11.0.12.7-hotspot\bin\net.dll
0x00007fff88a30000 - 0x00007fff88b3c000 	C:\Windows\SYSTEM32\WINHTTP.dll
0x00007fff90a20000 - 0x00007fff90a8a000 	C:\Windows\system32\mswsock.dll
0x00007fff8ac10000 - 0x00007fff8ac22000 	C:\Program Files\Microsoft\jdk-11.0.12.7-hotspot\bin\nio.dll

dbghelp: loaded successfully - version: 4.0.5 - missing functions: none
symbol engine: initialized successfully - sym options: 0x614 - pdb path: .;C:\Program Files\Microsoft\jdk-11.0.12.7-hotspot\bin;C:\Windows\SYSTEM32;C:\Windows\WinSxS\amd64_microsoft.windows.common-controls_6595b64144ccf1df_6.0.19041.1110_none_60b5254171f9507e;C:\Program Files\Microsoft\jdk-11.0.12.7-hotspot\bin\server

VM Arguments:
jvm_args: -Dapplication.home=C:\Program Files\Microsoft\jdk-11.0.12.7-hotspot --add-modules=ALL-DEFAULT -Xms8m -Dfile.encoding=UTF8 -Djdk.module.main=jdk.compiler 
java_command: jdk.compiler/com.sun.tools.javac.Main @C:\Users\Artur\AppData\Local\Temp\tmp16F9.tmp -target 1.8 -source 1.8
java_class_path (initial): <not set>
Launcher Type: SUN_STANDARD

[Global flags]
     intx CICompilerCount                          = 3                                         {product} {ergonomic}
     uint ConcGCThreads                            = 1                                         {product} {ergonomic}
     uint G1ConcRefinementThreads                  = 4                                         {product} {ergonomic}
   size_t G1HeapRegionSize                         = 1048576                                   {product} {ergonomic}
    uintx GCDrainStackTargetSize                   = 64                                        {product} {ergonomic}
   size_t InitialHeapSize                          = 8388608                                   {product} {command line}
   size_t MarkStackSize                            = 4194304                                   {product} {ergonomic}
   size_t MaxHeapSize                              = 2120220672                                {product} {ergonomic}
   size_t MaxNewSize                               = 1271922688                                {product} {ergonomic}
   size_t MinHeapDeltaBytes                        = 1048576                                   {product} {ergonomic}
    uintx NonNMethodCodeHeapSize                   = 5830732                                {pd product} {ergonomic}
    uintx NonProfiledCodeHeapSize                  = 122913754                              {pd product} {ergonomic}
    uintx ProfiledCodeHeapSize                     = 122913754                              {pd product} {ergonomic}
    uintx ReservedCodeCacheSize                    = 251658240                              {pd product} {ergonomic}
     bool SegmentedCodeCache                       = true                                      {product} {ergonomic}
     bool UseCompressedClassPointers               = true                                 {lp64_product} {ergonomic}
     bool UseCompressedOops                        = true                                 {lp64_product} {ergonomic}
     bool UseG1GC                                  = true                                      {product} {ergonomic}
     bool UseLargePagesIndividualAllocation        = false                                  {pd product} {ergonomic}

Logging:
Log output configuration:
 #0: stdout all=warning uptime,level,tags
 #1: stderr all=off uptime,level,tags

Environment Variables:
PATH=C:\Program Files\Microsoft\jdk-11.0.12.7-hotspot\bin;C:\Program Files\Eclipse Foundation\jdk-8.0.302.8-hotspot\bin;C:\Program Files (x86)\Intel\iCLS Client\;C:\Program Files\Intel\iCLS Client\;C:\Windows\system32;C:\Windows;C:\Windows\System32\Wbem;C:\Windows\System32\WindowsPowerShell\v1.0\;C:\Windows\System32\OpenSSH\;C:\Program Files (x86)\ATI Technologies\ATI.ACE\Core-Static;C:\Program Files (x86)\NoteBook FanControl\;C:\Program Files\Intel\Intel(R) Management Engine Components\DAL;C:\Program Files\Intel\Intel(R) Management Engine Components\IPT;C:\Program Files (x86)\Intel\Intel(R) Management Engine Components\DAL;C:\Program Files (x86)\Intel\Intel(R) Management Engine Components\IPT;C:\Program Files (x86)\AMD\ATI.ACE\Core-Static;C:\Program Files\dotnet\;C:\Users\Artur\AppData\Local\Microsoft\WindowsApps;C:\Users\Artur\.dotnet\tools
USERNAME=Artur
OS=Windows_NT
PROCESSOR_IDENTIFIER=Intel64 Family 6 Model 58 Stepping 9, GenuineIntel



---------------  S Y S T E M  ---------------

OS: Windows 10 , 64 bit Build 19041 (10.0.19041.2364)
OS uptime: 0 days 5:58 hours

CPU:total 4 (initial active 4) (2 cores per cpu, 2 threads per core) family 6 model 58 stepping 9 microcode 0x21, cmov, cx8, fxsr, mmx, sse, sse2, sse3, ssse3, sse4.1, sse4.2, popcnt, avx, aes, clmul, erms, ht, tsc, tscinvbit, tscinv

Memory: 4k page, system-wide physical 8083M (987M free)
TotalPageFile size 12179M (AvailPageFile size 82M)
current process WorkingSet (physical memory assigned to process): 215M, peak: 218M
current process commit charge ("private bytes"): 277M, peak: 408M

vm_info: OpenJDK 64-Bit Server VM (11.0.12+7) for windows-amd64 JRE (11.0.12+7), built on Jul 21 2021 15:41:43 by "" with unknown MS VC++:1916

END.
